Determining if the pthread_create exist failed with the following output:
Change Dir: /home/fst/workspace/src/cmake-build-debug/CMakeFiles/CMakeTmp

Run Build Command:"/usr/bin/make" "cmTC_adb9e/fast"
/usr/bin/make -f CMakeFiles/cmTC_adb9e.dir/build.make CMakeFiles/cmTC_adb9e.dir/build
make[1]: Entering directory `/home/fst/workspace/src/cmake-build-debug/CMakeFiles/CMakeTmp'
Building C object CMakeFiles/cmTC_adb9e.dir/CheckSymbolExists.c.o
/usr/bin/cc    -o CMakeFiles/cmTC_adb9e.dir/CheckSymbolExists.c.o   -c /home/fst/workspace/src/cmake-build-debug/CMakeFiles/CMakeTmp/CheckSymbolExists.c
Linking C executable cmTC_adb9e
/home/fst/clion-2018.1.2/bin/cmake/bin/cmake -E cmake_link_script CMakeFiles/cmTC_adb9e.dir/link.txt --verbose=1
/usr/bin/cc      -rdynamic CMakeFiles/cmTC_adb9e.dir/CheckSymbolExists.c.o  -o cmTC_adb9e 
CMakeFiles/cmTC_adb9e.dir/CheckSymbolExists.c.o: In function `main':
CheckSymbolExists.c:(.text+0x16): undefined reference to `pthread_create'
collect2: error: ld returned 1 exit status
make[1]: *** [cmTC_adb9e] Error 1
make[1]: Leaving directory `/home/fst/workspace/src/cmake-build-debug/CMakeFiles/CMakeTmp'
make: *** [cmTC_adb9e/fast] Error 2

File /home/fst/workspace/src/cmake-build-debug/CMakeFiles/CMakeTmp/CheckSymbolExists.c:
/* */
#include <pthread.h>

int main(int argc, char** argv)
{
  (void)argv;
#ifndef pthread_create
  return ((int*)(&pthread_create))[argc];
#else
  (void)argc;
  return 0;
#endif
}

Determining if the function pthread_create exists in the pthreads failed with the following output:
Change Dir: /home/fst/workspace/src/cmake-build-debug/CMakeFiles/CMakeTmp

Run Build Command:"/usr/bin/make" "cmTC_f5a27/fast"
/usr/bin/make -f CMakeFiles/cmTC_f5a27.dir/build.make CMakeFiles/cmTC_f5a27.dir/build
make[1]: Entering directory `/home/fst/workspace/src/cmake-build-debug/CMakeFiles/CMakeTmp'
Building C object CMakeFiles/cmTC_f5a27.dir/CheckFunctionExists.c.o
/usr/bin/cc   -DCHECK_FUNCTION_EXISTS=pthread_create   -o CMakeFiles/cmTC_f5a27.dir/CheckFunctionExists.c.o   -c /home/fst/clion-2018.1.2/bin/cmake/share/cmake-3.10/Modules/CheckFunctionExists.c
Linking C executable cmTC_f5a27
/home/fst/clion-2018.1.2/bin/cmake/bin/cmake -E cmake_link_script CMakeFiles/cmTC_f5a27.dir/link.txt --verbose=1
/usr/bin/cc  -DCHECK_FUNCTION_EXISTS=pthread_create    -rdynamic CMakeFiles/cmTC_f5a27.dir/CheckFunctionExists.c.o  -o cmTC_f5a27 -lpthreads 
/usr/bin/ld: cannot find -lpthreads
collect2: error: ld returned 1 exit status
make[1]: *** [cmTC_f5a27] Error 1
make[1]: Leaving directory `/home/fst/workspace/src/cmake-build-debug/CMakeFiles/CMakeTmp'
make: *** [cmTC_f5a27/fast] Error 2


