The target system is: Linux -  - 
The host system is: Linux - 4.4.0-148-generic - x86_64
Compiling the C compiler identification source file "CMakeCCompilerId.c" succeeded.
Compiler: /usr/local/aarch64-linux-gnu/bin/aarch64-linux-gnu-gcc 
Build flags: 
Id flags: 

The output was:
0


Compilation of the C compiler identification source "CMakeCCompilerId.c" produced "a.out"

The C compiler identification is GNU, found in "/home/ld/git_work/mc_application/Motion_controller/build/CMakeFiles/3.5.1/CompilerIdC/a.out"

Compiling the CXX compiler identification source file "CMakeCXXCompilerId.cpp" succeeded.
Compiler: /usr/local/aarch64-linux-gnu/bin/aarch64-linux-gnu-g++ 
Build flags: 
Id flags: 

The output was:
0


Compilation of the CXX compiler identification source "CMakeCXXCompilerId.cpp" produced "a.out"

The CXX compiler identification is GNU, found in "/home/ld/git_work/mc_application/Motion_controller/build/CMakeFiles/3.5.1/CompilerIdCXX/a.out"

Determining if the C compiler works passed with the following output:
Change Dir: /home/ld/git_work/mc_application/Motion_controller/build/CMakeFiles/CMakeTmp

Run Build Command:"/usr/bin/make" "cmTC_6569a/fast"
/usr/bin/make -f CMakeFiles/cmTC_6569a.dir/build.make CMakeFiles/cmTC_6569a.dir/build
make[1]: Entering directory `/home/ld/git_work/mc_application/Motion_controller/build/CMakeFiles/CMakeTmp'
Building C object CMakeFiles/cmTC_6569a.dir/testCCompiler.c.o
/usr/local/aarch64-linux-gnu/bin/aarch64-linux-gnu-gcc     -o CMakeFiles/cmTC_6569a.dir/testCCompiler.c.o   -c /home/ld/git_work/mc_application/Motion_controller/build/CMakeFiles/CMakeTmp/testCCompiler.c
Linking C executable cmTC_6569a
/usr/bin/cmake -E cmake_link_script CMakeFiles/cmTC_6569a.dir/link.txt --verbose=1
/usr/local/aarch64-linux-gnu/bin/aarch64-linux-gnu-gcc       CMakeFiles/cmTC_6569a.dir/testCCompiler.c.o  -o cmTC_6569a -rdynamic 
make[1]: Leaving directory `/home/ld/git_work/mc_application/Motion_controller/build/CMakeFiles/CMakeTmp'


Detecting C compiler ABI info compiled with the following output:
Change Dir: /home/ld/git_work/mc_application/Motion_controller/build/CMakeFiles/CMakeTmp

Run Build Command:"/usr/bin/make" "cmTC_1467b/fast"
/usr/bin/make -f CMakeFiles/cmTC_1467b.dir/build.make CMakeFiles/cmTC_1467b.dir/build
make[1]: Entering directory `/home/ld/git_work/mc_application/Motion_controller/build/CMakeFiles/CMakeTmp'
Building C object CMakeFiles/cmTC_1467b.dir/CMakeCCompilerABI.c.o
/usr/local/aarch64-linux-gnu/bin/aarch64-linux-gnu-gcc     -o CMakeFiles/cmTC_1467b.dir/CMakeCCompilerABI.c.o   -c /usr/share/cmake-3.5/Modules/CMakeCCompilerABI.c
Linking C executable cmTC_1467b
/usr/bin/cmake -E cmake_link_script CMakeFiles/cmTC_1467b.dir/link.txt --verbose=1
/usr/local/aarch64-linux-gnu/bin/aarch64-linux-gnu-gcc      -v CMakeFiles/cmTC_1467b.dir/CMakeCCompilerABI.c.o  -o cmTC_1467b -rdynamic  
Using built-in specs.
COLLECT_GCC=/usr/local/aarch64-linux-gnu/bin/aarch64-linux-gnu-gcc
COLLECT_LTO_WRAPPER=/usr/local/aarch64-linux-gnu/bin/../libexec/gcc/aarch64-linux-gnu/7.2.1/lto-wrapper
Target: aarch64-linux-gnu
Configured with: /proj/esdt_sdk/gnu_abe/ABE/builds/lin/arm/arm-linux/snapshots//gcc-linaro-7.2-2017.11-rc1/configure SHELL=/bin/sh --with-bugurl=https://bugs.linaro.org --with-mpc=/proj/esdt_sdk/gnu_abe/ABE/builds/lin/aarch64/aarch64-linux/builds/destdir/x86_64-unknown-linux-gnu --with-mpfr=/proj/esdt_sdk/gnu_abe/ABE/builds/lin/aarch64/aarch64-linux/builds/destdir/x86_64-unknown-linux-gnu --with-gmp=/proj/esdt_sdk/gnu_abe/ABE/builds/lin/aarch64/aarch64-linux/builds/destdir/x86_64-unknown-linux-gnu --with-gnu-as --with-gnu-ld --disable-libstdcxx-pch --disable-libmudflap --with-cloog=no --with-ppl=no --with-isl=no --disable-nls --enable-c99 --enable-gnu-indirect-function --disable-multilib --with-arch=armv8-a --enable-fix-cortex-a53-835769 --enable-fix-cortex-a53-843419 --enable-multiarch CFLAGS=-O2 CXXFLAGS=-O2 --disable-silent-rules --enable-libquadmath --enable-libg2c --enable-symvers=gnu --enable-libstdcxx-pch --enable-libssp --disable-libmudflap --enable-checking=release --enable-cheaders=c_global --enable-poison-system-directories --enable-clocale=generic --enable-shared --enable-threads=posix --disable-multilib --enable-c99 --without-local-prefix --enable-lto --disable-bootstrap --with-linker-hash-style=gnu --with-ppl=no --with-cloog=no --without-isl --enable-nls --enable-__cxa_atexit --with-build-sysroot=/proj/esdt_sdk/gnu_abe/ABE/builds/lin/aarch64/aarch64-linux/builds/destdir/x86_64-unknown-linux-gnu/aarch64-linux-gnu/libc --enable-plugins --enable-linker-build-id --enable-long-long --enable-shared --with-sysroot=/proj/esdt_sdk/gnu_abe/ABE/builds/lin/aarch64/aarch64-linux/builds/destdir/x86_64-unknown-linux-gnu/aarch64-linux-gnu/libc --enable-languages=c,c++,lto --enable-checking=yes --disable-bootstrap --with-bugurl=https://bugs.linaro.org --build=x86_64-unknown-linux-gnu --host=x86_64-unknown-linux-gnu --target=aarch64-linux-gnu --prefix=/proj/esdt_sdk/gnu_abe/ABE/builds/lin/aarch64/aarch64-linux/builds/destdir/x86_64-unknown-linux-gnu
Thread model: posix
gcc version 7.2.1 20171011 (Linaro GCC 7.2-2017.11-rc1) 
COMPILER_PATH=/usr/local/aarch64-linux-gnu/bin/../libexec/gcc/aarch64-linux-gnu/7.2.1/:/usr/local/aarch64-linux-gnu/bin/../libexec/gcc/aarch64-linux-gnu/:/usr/local/aarch64-linux-gnu/bin/../libexec/gcc/:/usr/local/aarch64-linux-gnu/bin/../lib/gcc/aarch64-linux-gnu/7.2.1/../../../../aarch64-linux-gnu/bin/
LIBRARY_PATH=/usr/local/aarch64-linux-gnu/bin/../lib/gcc/aarch64-linux-gnu/7.2.1/:/usr/local/aarch64-linux-gnu/bin/../lib/gcc/aarch64-linux-gnu/:/usr/local/aarch64-linux-gnu/bin/../lib/gcc/:/usr/local/aarch64-linux-gnu/bin/../lib/gcc/aarch64-linux-gnu/7.2.1/../../../../aarch64-linux-gnu/lib/../lib64/:/usr/local/aarch64-linux-gnu/bin/../lib/gcc/aarch64-linux-gnu/7.2.1/../../../../aarch64-linux-gnu/lib/:/usr/local/aarch64-linux-gnu/bin/../aarch64-linux-gnu/libc/lib/:/usr/local/aarch64-linux-gnu/bin/../aarch64-linux-gnu/libc/usr/lib/
COLLECT_GCC_OPTIONS='-v' '-o' 'cmTC_1467b' '-rdynamic' '-march=armv8-a' '-mlittle-endian' '-mabi=lp64'
 /usr/local/aarch64-linux-gnu/bin/../libexec/gcc/aarch64-linux-gnu/7.2.1/collect2 -plugin /usr/local/aarch64-linux-gnu/bin/../libexec/gcc/aarch64-linux-gnu/7.2.1/liblto_plugin.so -plugin-opt=/usr/local/aarch64-linux-gnu/bin/../libexec/gcc/aarch64-linux-gnu/7.2.1/lto-wrapper -plugin-opt=-fresolution=/tmp/ccWCsCok.res -plugin-opt=-pass-through=-lgcc -plugin-opt=-pass-through=-lgcc_s -plugin-opt=-pass-through=-lc -plugin-opt=-pass-through=-lgcc -plugin-opt=-pass-through=-lgcc_s --sysroot=/usr/local/aarch64-linux-gnu/bin/../aarch64-linux-gnu/libc --build-id --eh-frame-hdr --hash-style=gnu -export-dynamic -dynamic-linker /lib/ld-linux-aarch64.so.1 -X -EL -maarch64linux --fix-cortex-a53-835769 --fix-cortex-a53-843419 -o cmTC_1467b /usr/local/aarch64-linux-gnu/bin/../aarch64-linux-gnu/libc/usr/lib/crt1.o /usr/local/aarch64-linux-gnu/bin/../aarch64-linux-gnu/libc/usr/lib/crti.o /usr/local/aarch64-linux-gnu/bin/../lib/gcc/aarch64-linux-gnu/7.2.1/crtbegin.o -L/usr/local/aarch64-linux-gnu/bin/../lib/gcc/aarch64-linux-gnu/7.2.1 -L/usr/local/aarch64-linux-gnu/bin/../lib/gcc/aarch64-linux-gnu -L/usr/local/aarch64-linux-gnu/bin/../lib/gcc -L/usr/local/aarch64-linux-gnu/bin/../lib/gcc/aarch64-linux-gnu/7.2.1/../../../../aarch64-linux-gnu/lib/../lib64 -L/usr/local/aarch64-linux-gnu/bin/../lib/gcc/aarch64-linux-gnu/7.2.1/../../../../aarch64-linux-gnu/lib -L/usr/local/aarch64-linux-gnu/bin/../aarch64-linux-gnu/libc/lib -L/usr/local/aarch64-linux-gnu/bin/../aarch64-linux-gnu/libc/usr/lib CMakeFiles/cmTC_1467b.dir/CMakeCCompilerABI.c.o -lgcc --as-needed -lgcc_s --no-as-needed -lc -lgcc --as-needed -lgcc_s --no-as-needed /usr/local/aarch64-linux-gnu/bin/../lib/gcc/aarch64-linux-gnu/7.2.1/crtend.o /usr/local/aarch64-linux-gnu/bin/../aarch64-linux-gnu/libc/usr/lib/crtn.o
COLLECT_GCC_OPTIONS='-v' '-o' 'cmTC_1467b' '-rdynamic' '-march=armv8-a' '-mlittle-endian' '-mabi=lp64'
make[1]: Leaving directory `/home/ld/git_work/mc_application/Motion_controller/build/CMakeFiles/CMakeTmp'


Parsed C implicit link information from above output:
  link line regex: [^( *|.*[/\])(aarch64-linux-gnu-ld|([^/\]+-)?ld|collect2)[^/\]*( |$)]
  ignore line: [Change Dir: /home/ld/git_work/mc_application/Motion_controller/build/CMakeFiles/CMakeTmp]
  ignore line: []
  ignore line: [Run Build Command:"/usr/bin/make" "cmTC_1467b/fast"]
  ignore line: [/usr/bin/make -f CMakeFiles/cmTC_1467b.dir/build.make CMakeFiles/cmTC_1467b.dir/build]
  ignore line: [make[1]: Entering directory `/home/ld/git_work/mc_application/Motion_controller/build/CMakeFiles/CMakeTmp']
  ignore line: [Building C object CMakeFiles/cmTC_1467b.dir/CMakeCCompilerABI.c.o]
  ignore line: [/usr/local/aarch64-linux-gnu/bin/aarch64-linux-gnu-gcc     -o CMakeFiles/cmTC_1467b.dir/CMakeCCompilerABI.c.o   -c /usr/share/cmake-3.5/Modules/CMakeCCompilerABI.c]
  ignore line: [Linking C executable cmTC_1467b]
  ignore line: [/usr/bin/cmake -E cmake_link_script CMakeFiles/cmTC_1467b.dir/link.txt --verbose=1]
  ignore line: [/usr/local/aarch64-linux-gnu/bin/aarch64-linux-gnu-gcc      -v CMakeFiles/cmTC_1467b.dir/CMakeCCompilerABI.c.o  -o cmTC_1467b -rdynamic  ]
  ignore line: [Using built-in specs.]
  ignore line: [COLLECT_GCC=/usr/local/aarch64-linux-gnu/bin/aarch64-linux-gnu-gcc]
  ignore line: [COLLECT_LTO_WRAPPER=/usr/local/aarch64-linux-gnu/bin/../libexec/gcc/aarch64-linux-gnu/7.2.1/lto-wrapper]
  ignore line: [Target: aarch64-linux-gnu]
  ignore line: [Configured with: /proj/esdt_sdk/gnu_abe/ABE/builds/lin/arm/arm-linux/snapshots//gcc-linaro-7.2-2017.11-rc1/configure SHELL=/bin/sh --with-bugurl=https://bugs.linaro.org --with-mpc=/proj/esdt_sdk/gnu_abe/ABE/builds/lin/aarch64/aarch64-linux/builds/destdir/x86_64-unknown-linux-gnu --with-mpfr=/proj/esdt_sdk/gnu_abe/ABE/builds/lin/aarch64/aarch64-linux/builds/destdir/x86_64-unknown-linux-gnu --with-gmp=/proj/esdt_sdk/gnu_abe/ABE/builds/lin/aarch64/aarch64-linux/builds/destdir/x86_64-unknown-linux-gnu --with-gnu-as --with-gnu-ld --disable-libstdcxx-pch --disable-libmudflap --with-cloog=no --with-ppl=no --with-isl=no --disable-nls --enable-c99 --enable-gnu-indirect-function --disable-multilib --with-arch=armv8-a --enable-fix-cortex-a53-835769 --enable-fix-cortex-a53-843419 --enable-multiarch CFLAGS=-O2 CXXFLAGS=-O2 --disable-silent-rules --enable-libquadmath --enable-libg2c --enable-symvers=gnu --enable-libstdcxx-pch --enable-libssp --disable-libmudflap --enable-checking=release --enable-cheaders=c_global --enable-poison-system-directories --enable-clocale=generic --enable-shared --enable-threads=posix --disable-multilib --enable-c99 --without-local-prefix --enable-lto --disable-bootstrap --with-linker-hash-style=gnu --with-ppl=no --with-cloog=no --without-isl --enable-nls --enable-__cxa_atexit --with-build-sysroot=/proj/esdt_sdk/gnu_abe/ABE/builds/lin/aarch64/aarch64-linux/builds/destdir/x86_64-unknown-linux-gnu/aarch64-linux-gnu/libc --enable-plugins --enable-linker-build-id --enable-long-long --enable-shared --with-sysroot=/proj/esdt_sdk/gnu_abe/ABE/builds/lin/aarch64/aarch64-linux/builds/destdir/x86_64-unknown-linux-gnu/aarch64-linux-gnu/libc --enable-languages=c,c++,lto --enable-checking=yes --disable-bootstrap --with-bugurl=https://bugs.linaro.org --build=x86_64-unknown-linux-gnu --host=x86_64-unknown-linux-gnu --target=aarch64-linux-gnu --prefix=/proj/esdt_sdk/gnu_abe/ABE/builds/lin/aarch64/aarch64-linux/builds/destdir/x86_64-unknown-linux-gnu]
  ignore line: [Thread model: posix]
  ignore line: [gcc version 7.2.1 20171011 (Linaro GCC 7.2-2017.11-rc1) ]
  ignore line: [COMPILER_PATH=/usr/local/aarch64-linux-gnu/bin/../libexec/gcc/aarch64-linux-gnu/7.2.1/:/usr/local/aarch64-linux-gnu/bin/../libexec/gcc/aarch64-linux-gnu/:/usr/local/aarch64-linux-gnu/bin/../libexec/gcc/:/usr/local/aarch64-linux-gnu/bin/../lib/gcc/aarch64-linux-gnu/7.2.1/../../../../aarch64-linux-gnu/bin/]
  ignore line: [LIBRARY_PATH=/usr/local/aarch64-linux-gnu/bin/../lib/gcc/aarch64-linux-gnu/7.2.1/:/usr/local/aarch64-linux-gnu/bin/../lib/gcc/aarch64-linux-gnu/:/usr/local/aarch64-linux-gnu/bin/../lib/gcc/:/usr/local/aarch64-linux-gnu/bin/../lib/gcc/aarch64-linux-gnu/7.2.1/../../../../aarch64-linux-gnu/lib/../lib64/:/usr/local/aarch64-linux-gnu/bin/../lib/gcc/aarch64-linux-gnu/7.2.1/../../../../aarch64-linux-gnu/lib/:/usr/local/aarch64-linux-gnu/bin/../aarch64-linux-gnu/libc/lib/:/usr/local/aarch64-linux-gnu/bin/../aarch64-linux-gnu/libc/usr/lib/]
  ignore line: [COLLECT_GCC_OPTIONS='-v' '-o' 'cmTC_1467b' '-rdynamic' '-march=armv8-a' '-mlittle-endian' '-mabi=lp64']
  link line: [ /usr/local/aarch64-linux-gnu/bin/../libexec/gcc/aarch64-linux-gnu/7.2.1/collect2 -plugin /usr/local/aarch64-linux-gnu/bin/../libexec/gcc/aarch64-linux-gnu/7.2.1/liblto_plugin.so -plugin-opt=/usr/local/aarch64-linux-gnu/bin/../libexec/gcc/aarch64-linux-gnu/7.2.1/lto-wrapper -plugin-opt=-fresolution=/tmp/ccWCsCok.res -plugin-opt=-pass-through=-lgcc -plugin-opt=-pass-through=-lgcc_s -plugin-opt=-pass-through=-lc -plugin-opt=-pass-through=-lgcc -plugin-opt=-pass-through=-lgcc_s --sysroot=/usr/local/aarch64-linux-gnu/bin/../aarch64-linux-gnu/libc --build-id --eh-frame-hdr --hash-style=gnu -export-dynamic -dynamic-linker /lib/ld-linux-aarch64.so.1 -X -EL -maarch64linux --fix-cortex-a53-835769 --fix-cortex-a53-843419 -o cmTC_1467b /usr/local/aarch64-linux-gnu/bin/../aarch64-linux-gnu/libc/usr/lib/crt1.o /usr/local/aarch64-linux-gnu/bin/../aarch64-linux-gnu/libc/usr/lib/crti.o /usr/local/aarch64-linux-gnu/bin/../lib/gcc/aarch64-linux-gnu/7.2.1/crtbegin.o -L/usr/local/aarch64-linux-gnu/bin/../lib/gcc/aarch64-linux-gnu/7.2.1 -L/usr/local/aarch64-linux-gnu/bin/../lib/gcc/aarch64-linux-gnu -L/usr/local/aarch64-linux-gnu/bin/../lib/gcc -L/usr/local/aarch64-linux-gnu/bin/../lib/gcc/aarch64-linux-gnu/7.2.1/../../../../aarch64-linux-gnu/lib/../lib64 -L/usr/local/aarch64-linux-gnu/bin/../lib/gcc/aarch64-linux-gnu/7.2.1/../../../../aarch64-linux-gnu/lib -L/usr/local/aarch64-linux-gnu/bin/../aarch64-linux-gnu/libc/lib -L/usr/local/aarch64-linux-gnu/bin/../aarch64-linux-gnu/libc/usr/lib CMakeFiles/cmTC_1467b.dir/CMakeCCompilerABI.c.o -lgcc --as-needed -lgcc_s --no-as-needed -lc -lgcc --as-needed -lgcc_s --no-as-needed /usr/local/aarch64-linux-gnu/bin/../lib/gcc/aarch64-linux-gnu/7.2.1/crtend.o /usr/local/aarch64-linux-gnu/bin/../aarch64-linux-gnu/libc/usr/lib/crtn.o]
    arg [/usr/local/aarch64-linux-gnu/bin/../libexec/gcc/aarch64-linux-gnu/7.2.1/collect2] ==> ignore
    arg [-plugin] ==> ignore
    arg [/usr/local/aarch64-linux-gnu/bin/../libexec/gcc/aarch64-linux-gnu/7.2.1/liblto_plugin.so] ==> ignore
    arg [-plugin-opt=/usr/local/aarch64-linux-gnu/bin/../libexec/gcc/aarch64-linux-gnu/7.2.1/lto-wrapper] ==> ignore
    arg [-plugin-opt=-fresolution=/tmp/ccWCsCok.res] ==> ignore
    arg [-plugin-opt=-pass-through=-lgcc] ==> ignore
    arg [-plugin-opt=-pass-through=-lgcc_s] ==> ignore
    arg [-plugin-opt=-pass-through=-lc] ==> ignore
    arg [-plugin-opt=-pass-through=-lgcc] ==> ignore
    arg [-plugin-opt=-pass-through=-lgcc_s] ==> ignore
    arg [--sysroot=/usr/local/aarch64-linux-gnu/bin/../aarch64-linux-gnu/libc] ==> ignore
    arg [--build-id] ==> ignore
    arg [--eh-frame-hdr] ==> ignore
    arg [--hash-style=gnu] ==> ignore
    arg [-export-dynamic] ==> ignore
    arg [-dynamic-linker] ==> ignore
    arg [/lib/ld-linux-aarch64.so.1] ==> ignore
    arg [-X] ==> ignore
    arg [-EL] ==> ignore
    arg [-maarch64linux] ==> ignore
    arg [--fix-cortex-a53-835769] ==> ignore
    arg [--fix-cortex-a53-843419] ==> ignore
    arg [-o] ==> ignore
    arg [cmTC_1467b] ==> ignore
    arg [/usr/local/aarch64-linux-gnu/bin/../aarch64-linux-gnu/libc/usr/lib/crt1.o] ==> ignore
    arg [/usr/local/aarch64-linux-gnu/bin/../aarch64-linux-gnu/libc/usr/lib/crti.o] ==> ignore
    arg [/usr/local/aarch64-linux-gnu/bin/../lib/gcc/aarch64-linux-gnu/7.2.1/crtbegin.o] ==> ignore
    arg [-L/usr/local/aarch64-linux-gnu/bin/../lib/gcc/aarch64-linux-gnu/7.2.1] ==> dir [/usr/local/aarch64-linux-gnu/bin/../lib/gcc/aarch64-linux-gnu/7.2.1]
    arg [-L/usr/local/aarch64-linux-gnu/bin/../lib/gcc/aarch64-linux-gnu] ==> dir [/usr/local/aarch64-linux-gnu/bin/../lib/gcc/aarch64-linux-gnu]
    arg [-L/usr/local/aarch64-linux-gnu/bin/../lib/gcc] ==> dir [/usr/local/aarch64-linux-gnu/bin/../lib/gcc]
    arg [-L/usr/local/aarch64-linux-gnu/bin/../lib/gcc/aarch64-linux-gnu/7.2.1/../../../../aarch64-linux-gnu/lib/../lib64] ==> dir [/usr/local/aarch64-linux-gnu/bin/../lib/gcc/aarch64-linux-gnu/7.2.1/../../../../aarch64-linux-gnu/lib/../lib64]
    arg [-L/usr/local/aarch64-linux-gnu/bin/../lib/gcc/aarch64-linux-gnu/7.2.1/../../../../aarch64-linux-gnu/lib] ==> dir [/usr/local/aarch64-linux-gnu/bin/../lib/gcc/aarch64-linux-gnu/7.2.1/../../../../aarch64-linux-gnu/lib]
    arg [-L/usr/local/aarch64-linux-gnu/bin/../aarch64-linux-gnu/libc/lib] ==> dir [/usr/local/aarch64-linux-gnu/bin/../aarch64-linux-gnu/libc/lib]
    arg [-L/usr/local/aarch64-linux-gnu/bin/../aarch64-linux-gnu/libc/usr/lib] ==> dir [/usr/local/aarch64-linux-gnu/bin/../aarch64-linux-gnu/libc/usr/lib]
    arg [CMakeFiles/cmTC_1467b.dir/CMakeCCompilerABI.c.o] ==> ignore
    arg [-lgcc] ==> lib [gcc]
    arg [--as-needed] ==> ignore
    arg [-lgcc_s] ==> lib [gcc_s]
    arg [--no-as-needed] ==> ignore
    arg [-lc] ==> lib [c]
    arg [-lgcc] ==> lib [gcc]
    arg [--as-needed] ==> ignore
    arg [-lgcc_s] ==> lib [gcc_s]
    arg [--no-as-needed] ==> ignore
    arg [/usr/local/aarch64-linux-gnu/bin/../lib/gcc/aarch64-linux-gnu/7.2.1/crtend.o] ==> ignore
    arg [/usr/local/aarch64-linux-gnu/bin/../aarch64-linux-gnu/libc/usr/lib/crtn.o] ==> ignore
  remove lib [gcc]
  remove lib [gcc_s]
  remove lib [gcc]
  remove lib [gcc_s]
  collapse library dir [/usr/local/aarch64-linux-gnu/bin/../lib/gcc/aarch64-linux-gnu/7.2.1] ==> [/usr/local/aarch64-linux-gnu/lib/gcc/aarch64-linux-gnu/7.2.1]
  collapse library dir [/usr/local/aarch64-linux-gnu/bin/../lib/gcc/aarch64-linux-gnu] ==> [/usr/local/aarch64-linux-gnu/lib/gcc/aarch64-linux-gnu]
  collapse library dir [/usr/local/aarch64-linux-gnu/bin/../lib/gcc] ==> [/usr/local/aarch64-linux-gnu/lib/gcc]
  collapse library dir [/usr/local/aarch64-linux-gnu/bin/../lib/gcc/aarch64-linux-gnu/7.2.1/../../../../aarch64-linux-gnu/lib/../lib64] ==> [/usr/local/aarch64-linux-gnu/aarch64-linux-gnu/lib64]
  collapse library dir [/usr/local/aarch64-linux-gnu/bin/../lib/gcc/aarch64-linux-gnu/7.2.1/../../../../aarch64-linux-gnu/lib] ==> [/usr/local/aarch64-linux-gnu/aarch64-linux-gnu/lib]
  collapse library dir [/usr/local/aarch64-linux-gnu/bin/../aarch64-linux-gnu/libc/lib] ==> [/usr/local/aarch64-linux-gnu/aarch64-linux-gnu/libc/lib]
  collapse library dir [/usr/local/aarch64-linux-gnu/bin/../aarch64-linux-gnu/libc/usr/lib] ==> [/usr/local/aarch64-linux-gnu/aarch64-linux-gnu/libc/usr/lib]
  implicit libs: [c]
  implicit dirs: [/usr/local/aarch64-linux-gnu/lib/gcc/aarch64-linux-gnu/7.2.1;/usr/local/aarch64-linux-gnu/lib/gcc/aarch64-linux-gnu;/usr/local/aarch64-linux-gnu/lib/gcc;/usr/local/aarch64-linux-gnu/aarch64-linux-gnu/lib64;/usr/local/aarch64-linux-gnu/aarch64-linux-gnu/lib;/usr/local/aarch64-linux-gnu/aarch64-linux-gnu/libc/lib;/usr/local/aarch64-linux-gnu/aarch64-linux-gnu/libc/usr/lib]
  implicit fwks: []




Detecting C [-std=c11] compiler features compiled with the following output:
Change Dir: /home/ld/git_work/mc_application/Motion_controller/build/CMakeFiles/CMakeTmp

Run Build Command:"/usr/bin/make" "cmTC_5b46d/fast"
/usr/bin/make -f CMakeFiles/cmTC_5b46d.dir/build.make CMakeFiles/cmTC_5b46d.dir/build
make[1]: Entering directory `/home/ld/git_work/mc_application/Motion_controller/build/CMakeFiles/CMakeTmp'
Building C object CMakeFiles/cmTC_5b46d.dir/feature_tests.c.o
/usr/local/aarch64-linux-gnu/bin/aarch64-linux-gnu-gcc    -std=c11 -o CMakeFiles/cmTC_5b46d.dir/feature_tests.c.o   -c /home/ld/git_work/mc_application/Motion_controller/build/CMakeFiles/feature_tests.c
Linking C executable cmTC_5b46d
/usr/bin/cmake -E cmake_link_script CMakeFiles/cmTC_5b46d.dir/link.txt --verbose=1
/usr/local/aarch64-linux-gnu/bin/aarch64-linux-gnu-gcc       CMakeFiles/cmTC_5b46d.dir/feature_tests.c.o  -o cmTC_5b46d -rdynamic 
make[1]: Leaving directory `/home/ld/git_work/mc_application/Motion_controller/build/CMakeFiles/CMakeTmp'


    Feature record: C_FEATURE:1c_function_prototypes
    Feature record: C_FEATURE:1c_restrict
    Feature record: C_FEATURE:1c_static_assert
    Feature record: C_FEATURE:1c_variadic_macros


Detecting C [-std=c99] compiler features compiled with the following output:
Change Dir: /home/ld/git_work/mc_application/Motion_controller/build/CMakeFiles/CMakeTmp

Run Build Command:"/usr/bin/make" "cmTC_ac38b/fast"
/usr/bin/make -f CMakeFiles/cmTC_ac38b.dir/build.make CMakeFiles/cmTC_ac38b.dir/build
make[1]: Entering directory `/home/ld/git_work/mc_application/Motion_controller/build/CMakeFiles/CMakeTmp'
Building C object CMakeFiles/cmTC_ac38b.dir/feature_tests.c.o
/usr/local/aarch64-linux-gnu/bin/aarch64-linux-gnu-gcc    -std=c99 -o CMakeFiles/cmTC_ac38b.dir/feature_tests.c.o   -c /home/ld/git_work/mc_application/Motion_controller/build/CMakeFiles/feature_tests.c
Linking C executable cmTC_ac38b
/usr/bin/cmake -E cmake_link_script CMakeFiles/cmTC_ac38b.dir/link.txt --verbose=1
/usr/local/aarch64-linux-gnu/bin/aarch64-linux-gnu-gcc       CMakeFiles/cmTC_ac38b.dir/feature_tests.c.o  -o cmTC_ac38b -rdynamic 
make[1]: Leaving directory `/home/ld/git_work/mc_application/Motion_controller/build/CMakeFiles/CMakeTmp'


    Feature record: C_FEATURE:1c_function_prototypes
    Feature record: C_FEATURE:1c_restrict
    Feature record: C_FEATURE:0c_static_assert
    Feature record: C_FEATURE:1c_variadic_macros


Detecting C [-std=c90] compiler features compiled with the following output:
Change Dir: /home/ld/git_work/mc_application/Motion_controller/build/CMakeFiles/CMakeTmp

Run Build Command:"/usr/bin/make" "cmTC_31f94/fast"
/usr/bin/make -f CMakeFiles/cmTC_31f94.dir/build.make CMakeFiles/cmTC_31f94.dir/build
make[1]: Entering directory `/home/ld/git_work/mc_application/Motion_controller/build/CMakeFiles/CMakeTmp'
Building C object CMakeFiles/cmTC_31f94.dir/feature_tests.c.o
/usr/local/aarch64-linux-gnu/bin/aarch64-linux-gnu-gcc    -std=c90 -o CMakeFiles/cmTC_31f94.dir/feature_tests.c.o   -c /home/ld/git_work/mc_application/Motion_controller/build/CMakeFiles/feature_tests.c
Linking C executable cmTC_31f94
/usr/bin/cmake -E cmake_link_script CMakeFiles/cmTC_31f94.dir/link.txt --verbose=1
/usr/local/aarch64-linux-gnu/bin/aarch64-linux-gnu-gcc       CMakeFiles/cmTC_31f94.dir/feature_tests.c.o  -o cmTC_31f94 -rdynamic 
make[1]: Leaving directory `/home/ld/git_work/mc_application/Motion_controller/build/CMakeFiles/CMakeTmp'


    Feature record: C_FEATURE:1c_function_prototypes
    Feature record: C_FEATURE:0c_restrict
    Feature record: C_FEATURE:0c_static_assert
    Feature record: C_FEATURE:0c_variadic_macros
Determining if the CXX compiler works passed with the following output:
Change Dir: /home/ld/git_work/mc_application/Motion_controller/build/CMakeFiles/CMakeTmp

Run Build Command:"/usr/bin/make" "cmTC_48246/fast"
/usr/bin/make -f CMakeFiles/cmTC_48246.dir/build.make CMakeFiles/cmTC_48246.dir/build
make[1]: Entering directory `/home/ld/git_work/mc_application/Motion_controller/build/CMakeFiles/CMakeTmp'
Building CXX object CMakeFiles/cmTC_48246.dir/testCXXCompiler.cxx.o
/usr/local/aarch64-linux-gnu/bin/aarch64-linux-gnu-g++      -o CMakeFiles/cmTC_48246.dir/testCXXCompiler.cxx.o -c /home/ld/git_work/mc_application/Motion_controller/build/CMakeFiles/CMakeTmp/testCXXCompiler.cxx
Linking CXX executable cmTC_48246
/usr/bin/cmake -E cmake_link_script CMakeFiles/cmTC_48246.dir/link.txt --verbose=1
/usr/local/aarch64-linux-gnu/bin/aarch64-linux-gnu-g++        CMakeFiles/cmTC_48246.dir/testCXXCompiler.cxx.o  -o cmTC_48246 -rdynamic 
make[1]: Leaving directory `/home/ld/git_work/mc_application/Motion_controller/build/CMakeFiles/CMakeTmp'


Detecting CXX compiler ABI info compiled with the following output:
Change Dir: /home/ld/git_work/mc_application/Motion_controller/build/CMakeFiles/CMakeTmp

Run Build Command:"/usr/bin/make" "cmTC_cd7e3/fast"
/usr/bin/make -f CMakeFiles/cmTC_cd7e3.dir/build.make CMakeFiles/cmTC_cd7e3.dir/build
make[1]: Entering directory `/home/ld/git_work/mc_application/Motion_controller/build/CMakeFiles/CMakeTmp'
Building CXX object CMakeFiles/cmTC_cd7e3.dir/CMakeCXXCompilerABI.cpp.o
/usr/local/aarch64-linux-gnu/bin/aarch64-linux-gnu-g++      -o CMakeFiles/cmTC_cd7e3.dir/CMakeCXXCompilerABI.cpp.o -c /usr/share/cmake-3.5/Modules/CMakeCXXCompilerABI.cpp
Linking CXX executable cmTC_cd7e3
/usr/bin/cmake -E cmake_link_script CMakeFiles/cmTC_cd7e3.dir/link.txt --verbose=1
/usr/local/aarch64-linux-gnu/bin/aarch64-linux-gnu-g++       -v CMakeFiles/cmTC_cd7e3.dir/CMakeCXXCompilerABI.cpp.o  -o cmTC_cd7e3 -rdynamic  
Using built-in specs.
COLLECT_GCC=/usr/local/aarch64-linux-gnu/bin/aarch64-linux-gnu-g++
COLLECT_LTO_WRAPPER=/usr/local/aarch64-linux-gnu/bin/../libexec/gcc/aarch64-linux-gnu/7.2.1/lto-wrapper
Target: aarch64-linux-gnu
Configured with: /proj/esdt_sdk/gnu_abe/ABE/builds/lin/arm/arm-linux/snapshots//gcc-linaro-7.2-2017.11-rc1/configure SHELL=/bin/sh --with-bugurl=https://bugs.linaro.org --with-mpc=/proj/esdt_sdk/gnu_abe/ABE/builds/lin/aarch64/aarch64-linux/builds/destdir/x86_64-unknown-linux-gnu --with-mpfr=/proj/esdt_sdk/gnu_abe/ABE/builds/lin/aarch64/aarch64-linux/builds/destdir/x86_64-unknown-linux-gnu --with-gmp=/proj/esdt_sdk/gnu_abe/ABE/builds/lin/aarch64/aarch64-linux/builds/destdir/x86_64-unknown-linux-gnu --with-gnu-as --with-gnu-ld --disable-libstdcxx-pch --disable-libmudflap --with-cloog=no --with-ppl=no --with-isl=no --disable-nls --enable-c99 --enable-gnu-indirect-function --disable-multilib --with-arch=armv8-a --enable-fix-cortex-a53-835769 --enable-fix-cortex-a53-843419 --enable-multiarch CFLAGS=-O2 CXXFLAGS=-O2 --disable-silent-rules --enable-libquadmath --enable-libg2c --enable-symvers=gnu --enable-libstdcxx-pch --enable-libssp --disable-libmudflap --enable-checking=release --enable-cheaders=c_global --enable-poison-system-directories --enable-clocale=generic --enable-shared --enable-threads=posix --disable-multilib --enable-c99 --without-local-prefix --enable-lto --disable-bootstrap --with-linker-hash-style=gnu --with-ppl=no --with-cloog=no --without-isl --enable-nls --enable-__cxa_atexit --with-build-sysroot=/proj/esdt_sdk/gnu_abe/ABE/builds/lin/aarch64/aarch64-linux/builds/destdir/x86_64-unknown-linux-gnu/aarch64-linux-gnu/libc --enable-plugins --enable-linker-build-id --enable-long-long --enable-shared --with-sysroot=/proj/esdt_sdk/gnu_abe/ABE/builds/lin/aarch64/aarch64-linux/builds/destdir/x86_64-unknown-linux-gnu/aarch64-linux-gnu/libc --enable-languages=c,c++,lto --enable-checking=yes --disable-bootstrap --with-bugurl=https://bugs.linaro.org --build=x86_64-unknown-linux-gnu --host=x86_64-unknown-linux-gnu --target=aarch64-linux-gnu --prefix=/proj/esdt_sdk/gnu_abe/ABE/builds/lin/aarch64/aarch64-linux/builds/destdir/x86_64-unknown-linux-gnu
Thread model: posix
gcc version 7.2.1 20171011 (Linaro GCC 7.2-2017.11-rc1) 
COMPILER_PATH=/usr/local/aarch64-linux-gnu/bin/../libexec/gcc/aarch64-linux-gnu/7.2.1/:/usr/local/aarch64-linux-gnu/bin/../libexec/gcc/aarch64-linux-gnu/:/usr/local/aarch64-linux-gnu/bin/../libexec/gcc/:/usr/local/aarch64-linux-gnu/bin/../lib/gcc/aarch64-linux-gnu/7.2.1/../../../../aarch64-linux-gnu/bin/
LIBRARY_PATH=/usr/local/aarch64-linux-gnu/bin/../lib/gcc/aarch64-linux-gnu/7.2.1/:/usr/local/aarch64-linux-gnu/bin/../lib/gcc/aarch64-linux-gnu/:/usr/local/aarch64-linux-gnu/bin/../lib/gcc/:/usr/local/aarch64-linux-gnu/bin/../lib/gcc/aarch64-linux-gnu/7.2.1/../../../../aarch64-linux-gnu/lib/../lib64/:/usr/local/aarch64-linux-gnu/bin/../lib/gcc/aarch64-linux-gnu/7.2.1/../../../../aarch64-linux-gnu/lib/:/usr/local/aarch64-linux-gnu/bin/../aarch64-linux-gnu/libc/lib/:/usr/local/aarch64-linux-gnu/bin/../aarch64-linux-gnu/libc/usr/lib/
COLLECT_GCC_OPTIONS='-v' '-o' 'cmTC_cd7e3' '-rdynamic' '-shared-libgcc' '-march=armv8-a' '-mlittle-endian' '-mabi=lp64'
 /usr/local/aarch64-linux-gnu/bin/../libexec/gcc/aarch64-linux-gnu/7.2.1/collect2 -plugin /usr/local/aarch64-linux-gnu/bin/../libexec/gcc/aarch64-linux-gnu/7.2.1/liblto_plugin.so -plugin-opt=/usr/local/aarch64-linux-gnu/bin/../libexec/gcc/aarch64-linux-gnu/7.2.1/lto-wrapper -plugin-opt=-fresolution=/tmp/ccz762bc.res -plugin-opt=-pass-through=-lgcc_s -plugin-opt=-pass-through=-lgcc -plugin-opt=-pass-through=-lc -plugin-opt=-pass-through=-lgcc_s -plugin-opt=-pass-through=-lgcc --sysroot=/usr/local/aarch64-linux-gnu/bin/../aarch64-linux-gnu/libc --build-id --eh-frame-hdr --hash-style=gnu -export-dynamic -dynamic-linker /lib/ld-linux-aarch64.so.1 -X -EL -maarch64linux --fix-cortex-a53-835769 --fix-cortex-a53-843419 -o cmTC_cd7e3 /usr/local/aarch64-linux-gnu/bin/../aarch64-linux-gnu/libc/usr/lib/crt1.o /usr/local/aarch64-linux-gnu/bin/../aarch64-linux-gnu/libc/usr/lib/crti.o /usr/local/aarch64-linux-gnu/bin/../lib/gcc/aarch64-linux-gnu/7.2.1/crtbegin.o -L/usr/local/aarch64-linux-gnu/bin/../lib/gcc/aarch64-linux-gnu/7.2.1 -L/usr/local/aarch64-linux-gnu/bin/../lib/gcc/aarch64-linux-gnu -L/usr/local/aarch64-linux-gnu/bin/../lib/gcc -L/usr/local/aarch64-linux-gnu/bin/../lib/gcc/aarch64-linux-gnu/7.2.1/../../../../aarch64-linux-gnu/lib/../lib64 -L/usr/local/aarch64-linux-gnu/bin/../lib/gcc/aarch64-linux-gnu/7.2.1/../../../../aarch64-linux-gnu/lib -L/usr/local/aarch64-linux-gnu/bin/../aarch64-linux-gnu/libc/lib -L/usr/local/aarch64-linux-gnu/bin/../aarch64-linux-gnu/libc/usr/lib CMakeFiles/cmTC_cd7e3.dir/CMakeCXXCompilerABI.cpp.o -lstdc++ -lm -lgcc_s -lgcc -lc -lgcc_s -lgcc /usr/local/aarch64-linux-gnu/bin/../lib/gcc/aarch64-linux-gnu/7.2.1/crtend.o /usr/local/aarch64-linux-gnu/bin/../aarch64-linux-gnu/libc/usr/lib/crtn.o
COLLECT_GCC_OPTIONS='-v' '-o' 'cmTC_cd7e3' '-rdynamic' '-shared-libgcc' '-march=armv8-a' '-mlittle-endian' '-mabi=lp64'
make[1]: Leaving directory `/home/ld/git_work/mc_application/Motion_controller/build/CMakeFiles/CMakeTmp'


Parsed CXX implicit link information from above output:
  link line regex: [^( *|.*[/\])(aarch64-linux-gnu-ld|([^/\]+-)?ld|collect2)[^/\]*( |$)]
  ignore line: [Change Dir: /home/ld/git_work/mc_application/Motion_controller/build/CMakeFiles/CMakeTmp]
  ignore line: []
  ignore line: [Run Build Command:"/usr/bin/make" "cmTC_cd7e3/fast"]
  ignore line: [/usr/bin/make -f CMakeFiles/cmTC_cd7e3.dir/build.make CMakeFiles/cmTC_cd7e3.dir/build]
  ignore line: [make[1]: Entering directory `/home/ld/git_work/mc_application/Motion_controller/build/CMakeFiles/CMakeTmp']
  ignore line: [Building CXX object CMakeFiles/cmTC_cd7e3.dir/CMakeCXXCompilerABI.cpp.o]
  ignore line: [/usr/local/aarch64-linux-gnu/bin/aarch64-linux-gnu-g++      -o CMakeFiles/cmTC_cd7e3.dir/CMakeCXXCompilerABI.cpp.o -c /usr/share/cmake-3.5/Modules/CMakeCXXCompilerABI.cpp]
  ignore line: [Linking CXX executable cmTC_cd7e3]
  ignore line: [/usr/bin/cmake -E cmake_link_script CMakeFiles/cmTC_cd7e3.dir/link.txt --verbose=1]
  ignore line: [/usr/local/aarch64-linux-gnu/bin/aarch64-linux-gnu-g++       -v CMakeFiles/cmTC_cd7e3.dir/CMakeCXXCompilerABI.cpp.o  -o cmTC_cd7e3 -rdynamic  ]
  ignore line: [Using built-in specs.]
  ignore line: [COLLECT_GCC=/usr/local/aarch64-linux-gnu/bin/aarch64-linux-gnu-g++]
  ignore line: [COLLECT_LTO_WRAPPER=/usr/local/aarch64-linux-gnu/bin/../libexec/gcc/aarch64-linux-gnu/7.2.1/lto-wrapper]
  ignore line: [Target: aarch64-linux-gnu]
  ignore line: [Configured with: /proj/esdt_sdk/gnu_abe/ABE/builds/lin/arm/arm-linux/snapshots//gcc-linaro-7.2-2017.11-rc1/configure SHELL=/bin/sh --with-bugurl=https://bugs.linaro.org --with-mpc=/proj/esdt_sdk/gnu_abe/ABE/builds/lin/aarch64/aarch64-linux/builds/destdir/x86_64-unknown-linux-gnu --with-mpfr=/proj/esdt_sdk/gnu_abe/ABE/builds/lin/aarch64/aarch64-linux/builds/destdir/x86_64-unknown-linux-gnu --with-gmp=/proj/esdt_sdk/gnu_abe/ABE/builds/lin/aarch64/aarch64-linux/builds/destdir/x86_64-unknown-linux-gnu --with-gnu-as --with-gnu-ld --disable-libstdcxx-pch --disable-libmudflap --with-cloog=no --with-ppl=no --with-isl=no --disable-nls --enable-c99 --enable-gnu-indirect-function --disable-multilib --with-arch=armv8-a --enable-fix-cortex-a53-835769 --enable-fix-cortex-a53-843419 --enable-multiarch CFLAGS=-O2 CXXFLAGS=-O2 --disable-silent-rules --enable-libquadmath --enable-libg2c --enable-symvers=gnu --enable-libstdcxx-pch --enable-libssp --disable-libmudflap --enable-checking=release --enable-cheaders=c_global --enable-poison-system-directories --enable-clocale=generic --enable-shared --enable-threads=posix --disable-multilib --enable-c99 --without-local-prefix --enable-lto --disable-bootstrap --with-linker-hash-style=gnu --with-ppl=no --with-cloog=no --without-isl --enable-nls --enable-__cxa_atexit --with-build-sysroot=/proj/esdt_sdk/gnu_abe/ABE/builds/lin/aarch64/aarch64-linux/builds/destdir/x86_64-unknown-linux-gnu/aarch64-linux-gnu/libc --enable-plugins --enable-linker-build-id --enable-long-long --enable-shared --with-sysroot=/proj/esdt_sdk/gnu_abe/ABE/builds/lin/aarch64/aarch64-linux/builds/destdir/x86_64-unknown-linux-gnu/aarch64-linux-gnu/libc --enable-languages=c,c++,lto --enable-checking=yes --disable-bootstrap --with-bugurl=https://bugs.linaro.org --build=x86_64-unknown-linux-gnu --host=x86_64-unknown-linux-gnu --target=aarch64-linux-gnu --prefix=/proj/esdt_sdk/gnu_abe/ABE/builds/lin/aarch64/aarch64-linux/builds/destdir/x86_64-unknown-linux-gnu]
  ignore line: [Thread model: posix]
  ignore line: [gcc version 7.2.1 20171011 (Linaro GCC 7.2-2017.11-rc1) ]
  ignore line: [COMPILER_PATH=/usr/local/aarch64-linux-gnu/bin/../libexec/gcc/aarch64-linux-gnu/7.2.1/:/usr/local/aarch64-linux-gnu/bin/../libexec/gcc/aarch64-linux-gnu/:/usr/local/aarch64-linux-gnu/bin/../libexec/gcc/:/usr/local/aarch64-linux-gnu/bin/../lib/gcc/aarch64-linux-gnu/7.2.1/../../../../aarch64-linux-gnu/bin/]
  ignore line: [LIBRARY_PATH=/usr/local/aarch64-linux-gnu/bin/../lib/gcc/aarch64-linux-gnu/7.2.1/:/usr/local/aarch64-linux-gnu/bin/../lib/gcc/aarch64-linux-gnu/:/usr/local/aarch64-linux-gnu/bin/../lib/gcc/:/usr/local/aarch64-linux-gnu/bin/../lib/gcc/aarch64-linux-gnu/7.2.1/../../../../aarch64-linux-gnu/lib/../lib64/:/usr/local/aarch64-linux-gnu/bin/../lib/gcc/aarch64-linux-gnu/7.2.1/../../../../aarch64-linux-gnu/lib/:/usr/local/aarch64-linux-gnu/bin/../aarch64-linux-gnu/libc/lib/:/usr/local/aarch64-linux-gnu/bin/../aarch64-linux-gnu/libc/usr/lib/]
  ignore line: [COLLECT_GCC_OPTIONS='-v' '-o' 'cmTC_cd7e3' '-rdynamic' '-shared-libgcc' '-march=armv8-a' '-mlittle-endian' '-mabi=lp64']
  link line: [ /usr/local/aarch64-linux-gnu/bin/../libexec/gcc/aarch64-linux-gnu/7.2.1/collect2 -plugin /usr/local/aarch64-linux-gnu/bin/../libexec/gcc/aarch64-linux-gnu/7.2.1/liblto_plugin.so -plugin-opt=/usr/local/aarch64-linux-gnu/bin/../libexec/gcc/aarch64-linux-gnu/7.2.1/lto-wrapper -plugin-opt=-fresolution=/tmp/ccz762bc.res -plugin-opt=-pass-through=-lgcc_s -plugin-opt=-pass-through=-lgcc -plugin-opt=-pass-through=-lc -plugin-opt=-pass-through=-lgcc_s -plugin-opt=-pass-through=-lgcc --sysroot=/usr/local/aarch64-linux-gnu/bin/../aarch64-linux-gnu/libc --build-id --eh-frame-hdr --hash-style=gnu -export-dynamic -dynamic-linker /lib/ld-linux-aarch64.so.1 -X -EL -maarch64linux --fix-cortex-a53-835769 --fix-cortex-a53-843419 -o cmTC_cd7e3 /usr/local/aarch64-linux-gnu/bin/../aarch64-linux-gnu/libc/usr/lib/crt1.o /usr/local/aarch64-linux-gnu/bin/../aarch64-linux-gnu/libc/usr/lib/crti.o /usr/local/aarch64-linux-gnu/bin/../lib/gcc/aarch64-linux-gnu/7.2.1/crtbegin.o -L/usr/local/aarch64-linux-gnu/bin/../lib/gcc/aarch64-linux-gnu/7.2.1 -L/usr/local/aarch64-linux-gnu/bin/../lib/gcc/aarch64-linux-gnu -L/usr/local/aarch64-linux-gnu/bin/../lib/gcc -L/usr/local/aarch64-linux-gnu/bin/../lib/gcc/aarch64-linux-gnu/7.2.1/../../../../aarch64-linux-gnu/lib/../lib64 -L/usr/local/aarch64-linux-gnu/bin/../lib/gcc/aarch64-linux-gnu/7.2.1/../../../../aarch64-linux-gnu/lib -L/usr/local/aarch64-linux-gnu/bin/../aarch64-linux-gnu/libc/lib -L/usr/local/aarch64-linux-gnu/bin/../aarch64-linux-gnu/libc/usr/lib CMakeFiles/cmTC_cd7e3.dir/CMakeCXXCompilerABI.cpp.o -lstdc++ -lm -lgcc_s -lgcc -lc -lgcc_s -lgcc /usr/local/aarch64-linux-gnu/bin/../lib/gcc/aarch64-linux-gnu/7.2.1/crtend.o /usr/local/aarch64-linux-gnu/bin/../aarch64-linux-gnu/libc/usr/lib/crtn.o]
    arg [/usr/local/aarch64-linux-gnu/bin/../libexec/gcc/aarch64-linux-gnu/7.2.1/collect2] ==> ignore
    arg [-plugin] ==> ignore
    arg [/usr/local/aarch64-linux-gnu/bin/../libexec/gcc/aarch64-linux-gnu/7.2.1/liblto_plugin.so] ==> ignore
    arg [-plugin-opt=/usr/local/aarch64-linux-gnu/bin/../libexec/gcc/aarch64-linux-gnu/7.2.1/lto-wrapper] ==> ignore
    arg [-plugin-opt=-fresolution=/tmp/ccz762bc.res] ==> ignore
    arg [-plugin-opt=-pass-through=-lgcc_s] ==> ignore
    arg [-plugin-opt=-pass-through=-lgcc] ==> ignore
    arg [-plugin-opt=-pass-through=-lc] ==> ignore
    arg [-plugin-opt=-pass-through=-lgcc_s] ==> ignore
    arg [-plugin-opt=-pass-through=-lgcc] ==> ignore
    arg [--sysroot=/usr/local/aarch64-linux-gnu/bin/../aarch64-linux-gnu/libc] ==> ignore
    arg [--build-id] ==> ignore
    arg [--eh-frame-hdr] ==> ignore
    arg [--hash-style=gnu] ==> ignore
    arg [-export-dynamic] ==> ignore
    arg [-dynamic-linker] ==> ignore
    arg [/lib/ld-linux-aarch64.so.1] ==> ignore
    arg [-X] ==> ignore
    arg [-EL] ==> ignore
    arg [-maarch64linux] ==> ignore
    arg [--fix-cortex-a53-835769] ==> ignore
    arg [--fix-cortex-a53-843419] ==> ignore
    arg [-o] ==> ignore
    arg [cmTC_cd7e3] ==> ignore
    arg [/usr/local/aarch64-linux-gnu/bin/../aarch64-linux-gnu/libc/usr/lib/crt1.o] ==> ignore
    arg [/usr/local/aarch64-linux-gnu/bin/../aarch64-linux-gnu/libc/usr/lib/crti.o] ==> ignore
    arg [/usr/local/aarch64-linux-gnu/bin/../lib/gcc/aarch64-linux-gnu/7.2.1/crtbegin.o] ==> ignore
    arg [-L/usr/local/aarch64-linux-gnu/bin/../lib/gcc/aarch64-linux-gnu/7.2.1] ==> dir [/usr/local/aarch64-linux-gnu/bin/../lib/gcc/aarch64-linux-gnu/7.2.1]
    arg [-L/usr/local/aarch64-linux-gnu/bin/../lib/gcc/aarch64-linux-gnu] ==> dir [/usr/local/aarch64-linux-gnu/bin/../lib/gcc/aarch64-linux-gnu]
    arg [-L/usr/local/aarch64-linux-gnu/bin/../lib/gcc] ==> dir [/usr/local/aarch64-linux-gnu/bin/../lib/gcc]
    arg [-L/usr/local/aarch64-linux-gnu/bin/../lib/gcc/aarch64-linux-gnu/7.2.1/../../../../aarch64-linux-gnu/lib/../lib64] ==> dir [/usr/local/aarch64-linux-gnu/bin/../lib/gcc/aarch64-linux-gnu/7.2.1/../../../../aarch64-linux-gnu/lib/../lib64]
    arg [-L/usr/local/aarch64-linux-gnu/bin/../lib/gcc/aarch64-linux-gnu/7.2.1/../../../../aarch64-linux-gnu/lib] ==> dir [/usr/local/aarch64-linux-gnu/bin/../lib/gcc/aarch64-linux-gnu/7.2.1/../../../../aarch64-linux-gnu/lib]
    arg [-L/usr/local/aarch64-linux-gnu/bin/../aarch64-linux-gnu/libc/lib] ==> dir [/usr/local/aarch64-linux-gnu/bin/../aarch64-linux-gnu/libc/lib]
    arg [-L/usr/local/aarch64-linux-gnu/bin/../aarch64-linux-gnu/libc/usr/lib] ==> dir [/usr/local/aarch64-linux-gnu/bin/../aarch64-linux-gnu/libc/usr/lib]
    arg [CMakeFiles/cmTC_cd7e3.dir/CMakeCXXCompilerABI.cpp.o] ==> ignore
    arg [-lstdc++] ==> lib [stdc++]
    arg [-lm] ==> lib [m]
    arg [-lgcc_s] ==> lib [gcc_s]
    arg [-lgcc] ==> lib [gcc]
    arg [-lc] ==> lib [c]
    arg [-lgcc_s] ==> lib [gcc_s]
    arg [-lgcc] ==> lib [gcc]
    arg [/usr/local/aarch64-linux-gnu/bin/../lib/gcc/aarch64-linux-gnu/7.2.1/crtend.o] ==> ignore
    arg [/usr/local/aarch64-linux-gnu/bin/../aarch64-linux-gnu/libc/usr/lib/crtn.o] ==> ignore
  remove lib [gcc_s]
  remove lib [gcc]
  remove lib [gcc_s]
  remove lib [gcc]
  collapse library dir [/usr/local/aarch64-linux-gnu/bin/../lib/gcc/aarch64-linux-gnu/7.2.1] ==> [/usr/local/aarch64-linux-gnu/lib/gcc/aarch64-linux-gnu/7.2.1]
  collapse library dir [/usr/local/aarch64-linux-gnu/bin/../lib/gcc/aarch64-linux-gnu] ==> [/usr/local/aarch64-linux-gnu/lib/gcc/aarch64-linux-gnu]
  collapse library dir [/usr/local/aarch64-linux-gnu/bin/../lib/gcc] ==> [/usr/local/aarch64-linux-gnu/lib/gcc]
  collapse library dir [/usr/local/aarch64-linux-gnu/bin/../lib/gcc/aarch64-linux-gnu/7.2.1/../../../../aarch64-linux-gnu/lib/../lib64] ==> [/usr/local/aarch64-linux-gnu/aarch64-linux-gnu/lib64]
  collapse library dir [/usr/local/aarch64-linux-gnu/bin/../lib/gcc/aarch64-linux-gnu/7.2.1/../../../../aarch64-linux-gnu/lib] ==> [/usr/local/aarch64-linux-gnu/aarch64-linux-gnu/lib]
  collapse library dir [/usr/local/aarch64-linux-gnu/bin/../aarch64-linux-gnu/libc/lib] ==> [/usr/local/aarch64-linux-gnu/aarch64-linux-gnu/libc/lib]
  collapse library dir [/usr/local/aarch64-linux-gnu/bin/../aarch64-linux-gnu/libc/usr/lib] ==> [/usr/local/aarch64-linux-gnu/aarch64-linux-gnu/libc/usr/lib]
  implicit libs: [stdc++;m;c]
  implicit dirs: [/usr/local/aarch64-linux-gnu/lib/gcc/aarch64-linux-gnu/7.2.1;/usr/local/aarch64-linux-gnu/lib/gcc/aarch64-linux-gnu;/usr/local/aarch64-linux-gnu/lib/gcc;/usr/local/aarch64-linux-gnu/aarch64-linux-gnu/lib64;/usr/local/aarch64-linux-gnu/aarch64-linux-gnu/lib;/usr/local/aarch64-linux-gnu/aarch64-linux-gnu/libc/lib;/usr/local/aarch64-linux-gnu/aarch64-linux-gnu/libc/usr/lib]
  implicit fwks: []




Detecting CXX [-std=c++14] compiler features compiled with the following output:
Change Dir: /home/ld/git_work/mc_application/Motion_controller/build/CMakeFiles/CMakeTmp

Run Build Command:"/usr/bin/make" "cmTC_8f781/fast"
/usr/bin/make -f CMakeFiles/cmTC_8f781.dir/build.make CMakeFiles/cmTC_8f781.dir/build
make[1]: Entering directory `/home/ld/git_work/mc_application/Motion_controller/build/CMakeFiles/CMakeTmp'
Building CXX object CMakeFiles/cmTC_8f781.dir/feature_tests.cxx.o
/usr/local/aarch64-linux-gnu/bin/aarch64-linux-gnu-g++     -std=c++14 -o CMakeFiles/cmTC_8f781.dir/feature_tests.cxx.o -c /home/ld/git_work/mc_application/Motion_controller/build/CMakeFiles/feature_tests.cxx
Linking CXX executable cmTC_8f781
/usr/bin/cmake -E cmake_link_script CMakeFiles/cmTC_8f781.dir/link.txt --verbose=1
/usr/local/aarch64-linux-gnu/bin/aarch64-linux-gnu-g++        CMakeFiles/cmTC_8f781.dir/feature_tests.cxx.o  -o cmTC_8f781 -rdynamic 
make[1]: Leaving directory `/home/ld/git_work/mc_application/Motion_controller/build/CMakeFiles/CMakeTmp'


    Feature record: CXX_FEATURE:1cxx_aggregate_default_initializers
    Feature record: CXX_FEATURE:1cxx_alias_templates
    Feature record: CXX_FEATURE:1cxx_alignas
    Feature record: CXX_FEATURE:1cxx_alignof
    Feature record: CXX_FEATURE:1cxx_attributes
    Feature record: CXX_FEATURE:1cxx_attribute_deprecated
    Feature record: CXX_FEATURE:1cxx_auto_type
    Feature record: CXX_FEATURE:1cxx_binary_literals
    Feature record: CXX_FEATURE:1cxx_constexpr
    Feature record: CXX_FEATURE:1cxx_contextual_conversions
    Feature record: CXX_FEATURE:1cxx_decltype
    Feature record: CXX_FEATURE:1cxx_decltype_auto
    Feature record: CXX_FEATURE:1cxx_decltype_incomplete_return_types
    Feature record: CXX_FEATURE:1cxx_default_function_template_args
    Feature record: CXX_FEATURE:1cxx_defaulted_functions
    Feature record: CXX_FEATURE:1cxx_defaulted_move_initializers
    Feature record: CXX_FEATURE:1cxx_delegating_constructors
    Feature record: CXX_FEATURE:1cxx_deleted_functions
    Feature record: CXX_FEATURE:1cxx_digit_separators
    Feature record: CXX_FEATURE:1cxx_enum_forward_declarations
    Feature record: CXX_FEATURE:1cxx_explicit_conversions
    Feature record: CXX_FEATURE:1cxx_extended_friend_declarations
    Feature record: CXX_FEATURE:1cxx_extern_templates
    Feature record: CXX_FEATURE:1cxx_final
    Feature record: CXX_FEATURE:1cxx_func_identifier
    Feature record: CXX_FEATURE:1cxx_generalized_initializers
    Feature record: CXX_FEATURE:1cxx_generic_lambdas
    Feature record: CXX_FEATURE:1cxx_inheriting_constructors
    Feature record: CXX_FEATURE:1cxx_inline_namespaces
    Feature record: CXX_FEATURE:1cxx_lambdas
    Feature record: CXX_FEATURE:1cxx_lambda_init_captures
    Feature record: CXX_FEATURE:1cxx_local_type_template_args
    Feature record: CXX_FEATURE:1cxx_long_long_type
    Feature record: CXX_FEATURE:1cxx_noexcept
    Feature record: CXX_FEATURE:1cxx_nonstatic_member_init
    Feature record: CXX_FEATURE:1cxx_nullptr
    Feature record: CXX_FEATURE:1cxx_override
    Feature record: CXX_FEATURE:1cxx_range_for
    Feature record: CXX_FEATURE:1cxx_raw_string_literals
    Feature record: CXX_FEATURE:1cxx_reference_qualified_functions
    Feature record: CXX_FEATURE:1cxx_relaxed_constexpr
    Feature record: CXX_FEATURE:1cxx_return_type_deduction
    Feature record: CXX_FEATURE:1cxx_right_angle_brackets
    Feature record: CXX_FEATURE:1cxx_rvalue_references
    Feature record: CXX_FEATURE:1cxx_sizeof_member
    Feature record: CXX_FEATURE:1cxx_static_assert
    Feature record: CXX_FEATURE:1cxx_strong_enums
    Feature record: CXX_FEATURE:1cxx_template_template_parameters
    Feature record: CXX_FEATURE:1cxx_thread_local
    Feature record: CXX_FEATURE:1cxx_trailing_return_types
    Feature record: CXX_FEATURE:1cxx_unicode_literals
    Feature record: CXX_FEATURE:1cxx_uniform_initialization
    Feature record: CXX_FEATURE:1cxx_unrestricted_unions
    Feature record: CXX_FEATURE:1cxx_user_literals
    Feature record: CXX_FEATURE:1cxx_variable_templates
    Feature record: CXX_FEATURE:1cxx_variadic_macros
    Feature record: CXX_FEATURE:1cxx_variadic_templates


Detecting CXX [-std=c++11] compiler features compiled with the following output:
Change Dir: /home/ld/git_work/mc_application/Motion_controller/build/CMakeFiles/CMakeTmp

Run Build Command:"/usr/bin/make" "cmTC_0d801/fast"
/usr/bin/make -f CMakeFiles/cmTC_0d801.dir/build.make CMakeFiles/cmTC_0d801.dir/build
make[1]: Entering directory `/home/ld/git_work/mc_application/Motion_controller/build/CMakeFiles/CMakeTmp'
Building CXX object CMakeFiles/cmTC_0d801.dir/feature_tests.cxx.o
/usr/local/aarch64-linux-gnu/bin/aarch64-linux-gnu-g++     -std=c++11 -o CMakeFiles/cmTC_0d801.dir/feature_tests.cxx.o -c /home/ld/git_work/mc_application/Motion_controller/build/CMakeFiles/feature_tests.cxx
Linking CXX executable cmTC_0d801
/usr/bin/cmake -E cmake_link_script CMakeFiles/cmTC_0d801.dir/link.txt --verbose=1
/usr/local/aarch64-linux-gnu/bin/aarch64-linux-gnu-g++        CMakeFiles/cmTC_0d801.dir/feature_tests.cxx.o  -o cmTC_0d801 -rdynamic 
make[1]: Leaving directory `/home/ld/git_work/mc_application/Motion_controller/build/CMakeFiles/CMakeTmp'


    Feature record: CXX_FEATURE:0cxx_aggregate_default_initializers
    Feature record: CXX_FEATURE:1cxx_alias_templates
    Feature record: CXX_FEATURE:1cxx_alignas
    Feature record: CXX_FEATURE:1cxx_alignof
    Feature record: CXX_FEATURE:1cxx_attributes
    Feature record: CXX_FEATURE:0cxx_attribute_deprecated
    Feature record: CXX_FEATURE:1cxx_auto_type
    Feature record: CXX_FEATURE:0cxx_binary_literals
    Feature record: CXX_FEATURE:1cxx_constexpr
    Feature record: CXX_FEATURE:0cxx_contextual_conversions
    Feature record: CXX_FEATURE:1cxx_decltype
    Feature record: CXX_FEATURE:0cxx_decltype_auto
    Feature record: CXX_FEATURE:1cxx_decltype_incomplete_return_types
    Feature record: CXX_FEATURE:1cxx_default_function_template_args
    Feature record: CXX_FEATURE:1cxx_defaulted_functions
    Feature record: CXX_FEATURE:1cxx_defaulted_move_initializers
    Feature record: CXX_FEATURE:1cxx_delegating_constructors
    Feature record: CXX_FEATURE:1cxx_deleted_functions
    Feature record: CXX_FEATURE:0cxx_digit_separators
    Feature record: CXX_FEATURE:1cxx_enum_forward_declarations
    Feature record: CXX_FEATURE:1cxx_explicit_conversions
    Feature record: CXX_FEATURE:1cxx_extended_friend_declarations
    Feature record: CXX_FEATURE:1cxx_extern_templates
    Feature record: CXX_FEATURE:1cxx_final
    Feature record: CXX_FEATURE:1cxx_func_identifier
    Feature record: CXX_FEATURE:1cxx_generalized_initializers
    Feature record: CXX_FEATURE:0cxx_generic_lambdas
    Feature record: CXX_FEATURE:1cxx_inheriting_constructors
    Feature record: CXX_FEATURE:1cxx_inline_namespaces
    Feature record: CXX_FEATURE:1cxx_lambdas
    Feature record: CXX_FEATURE:0cxx_lambda_init_captures
    Feature record: CXX_FEATURE:1cxx_local_type_template_args
    Feature record: CXX_FEATURE:1cxx_long_long_type
    Feature record: CXX_FEATURE:1cxx_noexcept
    Feature record: CXX_FEATURE:1cxx_nonstatic_member_init
    Feature record: CXX_FEATURE:1cxx_nullptr
    Feature record: CXX_FEATURE:1cxx_override
    Feature record: CXX_FEATURE:1cxx_range_for
    Feature record: CXX_FEATURE:1cxx_raw_string_literals
    Feature record: CXX_FEATURE:1cxx_reference_qualified_functions
    Feature record: CXX_FEATURE:0cxx_relaxed_constexpr
    Feature record: CXX_FEATURE:0cxx_return_type_deduction
    Feature record: CXX_FEATURE:1cxx_right_angle_brackets
    Feature record: CXX_FEATURE:1cxx_rvalue_references
    Feature record: CXX_FEATURE:1cxx_sizeof_member
    Feature record: CXX_FEATURE:1cxx_static_assert
    Feature record: CXX_FEATURE:1cxx_strong_enums
    Feature record: CXX_FEATURE:1cxx_template_template_parameters
    Feature record: CXX_FEATURE:1cxx_thread_local
    Feature record: CXX_FEATURE:1cxx_trailing_return_types
    Feature record: CXX_FEATURE:1cxx_unicode_literals
    Feature record: CXX_FEATURE:1cxx_uniform_initialization
    Feature record: CXX_FEATURE:1cxx_unrestricted_unions
    Feature record: CXX_FEATURE:1cxx_user_literals
    Feature record: CXX_FEATURE:0cxx_variable_templates
    Feature record: CXX_FEATURE:1cxx_variadic_macros
    Feature record: CXX_FEATURE:1cxx_variadic_templates


Detecting CXX [-std=c++98] compiler features compiled with the following output:
Change Dir: /home/ld/git_work/mc_application/Motion_controller/build/CMakeFiles/CMakeTmp

Run Build Command:"/usr/bin/make" "cmTC_a97b5/fast"
/usr/bin/make -f CMakeFiles/cmTC_a97b5.dir/build.make CMakeFiles/cmTC_a97b5.dir/build
make[1]: Entering directory `/home/ld/git_work/mc_application/Motion_controller/build/CMakeFiles/CMakeTmp'
Building CXX object CMakeFiles/cmTC_a97b5.dir/feature_tests.cxx.o
/usr/local/aarch64-linux-gnu/bin/aarch64-linux-gnu-g++     -std=c++98 -o CMakeFiles/cmTC_a97b5.dir/feature_tests.cxx.o -c /home/ld/git_work/mc_application/Motion_controller/build/CMakeFiles/feature_tests.cxx
Linking CXX executable cmTC_a97b5
/usr/bin/cmake -E cmake_link_script CMakeFiles/cmTC_a97b5.dir/link.txt --verbose=1
/usr/local/aarch64-linux-gnu/bin/aarch64-linux-gnu-g++        CMakeFiles/cmTC_a97b5.dir/feature_tests.cxx.o  -o cmTC_a97b5 -rdynamic 
make[1]: Leaving directory `/home/ld/git_work/mc_application/Motion_controller/build/CMakeFiles/CMakeTmp'


    Feature record: CXX_FEATURE:0cxx_aggregate_default_initializers
    Feature record: CXX_FEATURE:0cxx_alias_templates
    Feature record: CXX_FEATURE:0cxx_alignas
    Feature record: CXX_FEATURE:0cxx_alignof
    Feature record: CXX_FEATURE:0cxx_attributes
    Feature record: CXX_FEATURE:0cxx_attribute_deprecated
    Feature record: CXX_FEATURE:0cxx_auto_type
    Feature record: CXX_FEATURE:0cxx_binary_literals
    Feature record: CXX_FEATURE:0cxx_constexpr
    Feature record: CXX_FEATURE:0cxx_contextual_conversions
    Feature record: CXX_FEATURE:0cxx_decltype
    Feature record: CXX_FEATURE:0cxx_decltype_auto
    Feature record: CXX_FEATURE:0cxx_decltype_incomplete_return_types
    Feature record: CXX_FEATURE:0cxx_default_function_template_args
    Feature record: CXX_FEATURE:0cxx_defaulted_functions
    Feature record: CXX_FEATURE:0cxx_defaulted_move_initializers
    Feature record: CXX_FEATURE:0cxx_delegating_constructors
    Feature record: CXX_FEATURE:0cxx_deleted_functions
    Feature record: CXX_FEATURE:0cxx_digit_separators
    Feature record: CXX_FEATURE:0cxx_enum_forward_declarations
    Feature record: CXX_FEATURE:0cxx_explicit_conversions
    Feature record: CXX_FEATURE:0cxx_extended_friend_declarations
    Feature record: CXX_FEATURE:0cxx_extern_templates
    Feature record: CXX_FEATURE:0cxx_final
    Feature record: CXX_FEATURE:0cxx_func_identifier
    Feature record: CXX_FEATURE:0cxx_generalized_initializers
    Feature record: CXX_FEATURE:0cxx_generic_lambdas
    Feature record: CXX_FEATURE:0cxx_inheriting_constructors
    Feature record: CXX_FEATURE:0cxx_inline_namespaces
    Feature record: CXX_FEATURE:0cxx_lambdas
    Feature record: CXX_FEATURE:0cxx_lambda_init_captures
    Feature record: CXX_FEATURE:0cxx_local_type_template_args
    Feature record: CXX_FEATURE:0cxx_long_long_type
    Feature record: CXX_FEATURE:0cxx_noexcept
    Feature record: CXX_FEATURE:0cxx_nonstatic_member_init
    Feature record: CXX_FEATURE:0cxx_nullptr
    Feature record: CXX_FEATURE:0cxx_override
    Feature record: CXX_FEATURE:0cxx_range_for
    Feature record: CXX_FEATURE:0cxx_raw_string_literals
    Feature record: CXX_FEATURE:0cxx_reference_qualified_functions
    Feature record: CXX_FEATURE:0cxx_relaxed_constexpr
    Feature record: CXX_FEATURE:0cxx_return_type_deduction
    Feature record: CXX_FEATURE:0cxx_right_angle_brackets
    Feature record: CXX_FEATURE:0cxx_rvalue_references
    Feature record: CXX_FEATURE:0cxx_sizeof_member
    Feature record: CXX_FEATURE:0cxx_static_assert
    Feature record: CXX_FEATURE:0cxx_strong_enums
    Feature record: CXX_FEATURE:1cxx_template_template_parameters
    Feature record: CXX_FEATURE:0cxx_thread_local
    Feature record: CXX_FEATURE:0cxx_trailing_return_types
    Feature record: CXX_FEATURE:0cxx_unicode_literals
    Feature record: CXX_FEATURE:0cxx_uniform_initialization
    Feature record: CXX_FEATURE:0cxx_unrestricted_unions
    Feature record: CXX_FEATURE:0cxx_user_literals
    Feature record: CXX_FEATURE:0cxx_variable_templates
    Feature record: CXX_FEATURE:0cxx_variadic_macros
    Feature record: CXX_FEATURE:0cxx_variadic_templates
